<?xml version="1.0" encoding="UTF-8"?>
<!-- Generated by org.testng.reporters.JUnitXMLReporter -->
<testsuite ignored="1" hostname="LAPTOP-HPGF5SGE" failures="0" tests="2" name="Test" time="6.506" errors="0" timestamp="2024-01-20T15:27:36 IST">
  <testcase classname="test_class_package.loginPage_testCase" name="login" time="2.574"/>
  <testcase classname="test_class_package.homePage_testCase" name="logoutfromApp" time="3.882"/>
  <testcase classname="test_class_package.parent_class_pom" name="@BeforeSuite lounchchrome" time="0.0">
    <ignored/>
  </testcase> <!-- @BeforeSuite lounchchrome -->
</testsuite> <!-- Test -->
