<?xml version="1.0" encoding="UTF-8"?>
<!-- Generated by org.testng.reporters.JUnitXMLReporter -->
<testsuite ignored="0" hostname="LAPTOP-HPGF5SGE" failures="0" tests="3" name="Test" time="24.872" errors="0" timestamp="2024-01-18T18:35:24 IST">
  <testcase classname="first_package.orangeHRM_class" name="login" time="21.032"/>
  <testcase classname="first_package.orangeHRM_class" name="adminpage" time="2.541"/>
  <testcase classname="first_package.orangeHRM_class" name="logout" time="1.265"/>
</testsuite> <!-- Test -->
