<?xml version="1.0" encoding="UTF-8"?>
<testng-results ignored="0" total="2" passed="2" failed="0" skipped="0">
  <reporter-output>
  </reporter-output>
  <suite started-at="2024-01-20T15:27:29 IST" name="Suite" finished-at="2024-01-20T15:27:36 IST" duration-ms="6506">
    <groups>
    </groups>
    <test started-at="2024-01-20T15:27:29 IST" name="Test" finished-at="2024-01-20T15:27:36 IST" duration-ms="6506">
      <class name="test_class_package.homePage_testCase">
        <test-method signature="logoutfromApp()[pri:0, instance:test_class_package.homePage_testCase@639c2c1d]" started-at="2024-01-20T15:27:32 IST" name="logoutfromApp" finished-at="2024-01-20T15:27:36 IST" duration-ms="3882" status="PASS">
          <reporter-output>
          </reporter-output>
        </test-method> <!-- logoutfromApp -->
      </class> <!-- test_class_package.homePage_testCase -->
      <class name="test_class_package.loginPage_testCase">
        <test-method is-config="true" signature="lounchchrome()[pri:0, instance:test_class_package.loginPage_testCase@65fb9ffc]" started-at="2024-01-20T15:27:11 IST" name="lounchchrome" finished-at="2024-01-20T15:27:29 IST" duration-ms="18912" status="PASS">
          <reporter-output>
          </reporter-output>
        </test-method> <!-- lounchchrome -->
        <test-method signature="login()[pri:0, instance:test_class_package.loginPage_testCase@65fb9ffc]" started-at="2024-01-20T15:27:29 IST" name="login" finished-at="2024-01-20T15:27:32 IST" duration-ms="2574" status="PASS">
          <reporter-output>
          </reporter-output>
        </test-method> <!-- login -->
      </class> <!-- test_class_package.loginPage_testCase -->
    </test> <!-- Test -->
  </suite> <!-- Suite -->
</testng-results>
